<?xml version="1.0" encoding="UTF-8"?>
<testsuite xmlns:xsi="http://www.w3.org/2001/XMLSchema-instance" xsi:noNamespaceSchemaLocation="https://maven.apache.org/surefire/maven-surefire-plugin/xsd/surefire-test-report.xsd" version="3.0.2" name="com.cymbaleats.order.management.OrderUtilsTest" time="1.237" tests="3" errors="0" skipped="0" failures="0">
  <properties>
[...]
</properties>
  <testcase name="getOrderDetails" classname="com.cymbaleats.order.management.OrderUtilsTest" time="0.049">
    <system-out><![CDATA[2025-11-06T13:12:03.128Z  INFO 40486 --- [restaurants] [           main] t.c.s.AnnotationConfigContextLoaderUtils : Could not detect default configuration classes for test class [com.cymbaleats.order.management.OrderUtilsTest]: OrderUtilsTest does not declare any static, non-private, non-final, nested classes annotated with @Configuration.
2025-11-06T13:12:03.131Z  INFO 40486 --- [restaurants] [           main] .b.t.c.SpringBootTestContextBootstrapper : Found @SpringBootConfiguration com.cymbaleats.order.management.OrderManagementApplication for test class com.cymbaleats.order.management.OrderUtilsTest

  .   ____          _            __ _ _
 /\\ / ___'_ __ _ _(_)_ __  __ _ \ \ \ \
( ( )\___ | '_ | '_| | '_ \/ _` | \ \ \ \
 \\/  ___)| |_)| | | | | || (_| |  ) ) ) )
  '  |____| .__|_| |_|_| |_\__, | / / / /
 =========|_|==============|___/=/_/_/_/

 :: Spring Boot ::                (v3.4.3)

2025-11-06T13:12:03.209Z  INFO 40486 --- [restaurants] [           main] c.c.order.management.OrderUtilsTest      : Starting OrderUtilsTest using Java 21.0.8 with PID 40486 (started by jules in /app/order-mgmt-msa)
2025-11-06T13:12:03.210Z  INFO 40486 --- [restaurants] [           main] c.c.order.management.OrderUtilsTest      : No active profile set, falling back to 1 default profile: "default"
2025-11-06T13:12:04.082Z  INFO 40486 --- [restaurants] [           main] c.c.order.management.OrderUtilsTest      : Started OrderUtilsTest in 0.946 seconds (process running for 7.883)
Order Loaded[]
]]></system-out>
  </testcase>
  <testcase name="insertOrder" classname="com.cymbaleats.order.management.OrderUtilsTest" time="0.211">
    <system-out><![CDATA[result=1
Inserting order 2
]]></system-out>
  </testcase>
  <testcase name="getUserOrder" classname="com.cymbaleats.order.management.OrderUtilsTest" time="0.01"/>
</testsuite>